<?xml version="1.0" encoding="UTF-8"?>
<!-- Generated by org.testng.reporters.JUnitReportReporter -->
<testsuite hostname="ashus-MBP.fios-router.home" failures="0" tests="2" name="zephyrJira.ZephyrJira" time="7.427" errors="0" timestamp="2020-11-15T20:37:18 EST" skipped="0">
  <testcase classname="zephyrJira.ZephyrJira" name="getYahoo" time="3.567"/>
  <system-out/>
  <testcase classname="zephyrJira.ZephyrJira" name="getMsn" time="3.860"/>
  <system-out/>
</testsuite> <!-- zephyrJira.ZephyrJira -->
