<?xml version="1.0" encoding="UTF-8"?>
<!-- Generated by org.testng.reporters.JUnitReportReporter -->
<testsuite hostname="ashus-MBP.fios-router.home" failures="0" tests="2" name="zephyrJira.ZephyrJira" time="8.811" errors="0" timestamp="2020-11-15T20:59:44 EST" skipped="0">
  <testcase classname="zephyrJira.ZephyrJira" name="getMsn" time="3.911"/>
  <system-out/>
  <testcase classname="zephyrJira.ZephyrJira" name="getYahoo" time="4.900"/>
  <system-out/>
</testsuite> <!-- zephyrJira.ZephyrJira -->
